
> vibe-generated-app@1.0.0 dev
> vite


  VITE v5.4.20  ready in 203 ms

  ➜  Local:   http://localhost:3000/
  ➜  Network: http://172.20.3.228:3000/
1:23:30 AM [vite] Pre-transform error: Transform failed with 1 error:
/home/workspace/src/components/Hero.jsx:28:71: ERROR: Expected identifier but found "2"
1:23:32 AM [vite] Internal server error: Transform failed with 1 error:
/home/workspace/src/components/Hero.jsx:28:71: ERROR: Expected identifier but found "2"
  Plugin: vite:esbuild
  File: /home/workspace/src/components/Hero.jsx:28:71
  
  Expected identifier but found "2"
  26 |                <div>
  27 |                  <dt className="text-xs text-slate-500">Execution</dt>
  28 |                  <dd className="text-lg font-semibold text-slate-900">< 20 ms</dd>
     |                                                                         ^
  29 |                </div>
  30 |                <div>
  
      at failureErrorWithLog (/home/workspace/node_modules/esbuild/lib/main.js:1472:15)
      at /home/workspace/node_modules/esbuild/lib/main.js:755:50
      at responseCallbacks.<computed> (/home/workspace/node_modules/esbuild/lib/main.js:622:9)
      at handleIncomingPacket (/home/workspace/node_modules/esbuild/lib/main.js:677:12)
      at Socket.readFromStdout (/home/workspace/node_modules/esbuild/lib/main.js:600:7)
      at Socket.emit (node:events:508:28)
      at addChunk (node:internal/streams/readable:559:12)
      at readableAddChunkPushByteMode (node:internal/streams/readable:510:3)
      at Readable.push (node:internal/streams/readable:390:5)
      at Pipe.onStreamRead (node:internal/stream_base_commons:189:23)
1:23:36 AM [vite] Internal server error: Transform failed with 1 error:
/home/workspace/src/components/Hero.jsx:28:71: ERROR: Expected identifier but found "2"
  Plugin: vite:esbuild
  File: /home/workspace/src/components/Hero.jsx:28:71
  
  Expected identifier but found "2"
  26 |                <div>
  27 |                  <dt className="text-xs text-slate-500">Execution</dt>
  28 |                  <dd className="text-lg font-semibold text-slate-900">< 20 ms</dd>
     |                                                                         ^
  29 |                </div>
  30 |                <div>
  
      at failureErrorWithLog (/home/workspace/node_modules/esbuild/lib/main.js:1472:15)
      at /home/workspace/node_modules/esbuild/lib/main.js:755:50
      at responseCallbacks.<computed> (/home/workspace/node_modules/esbuild/lib/main.js:622:9)
      at handleIncomingPacket (/home/workspace/node_modules/esbuild/lib/main.js:677:12)
      at Socket.readFromStdout (/home/workspace/node_modules/esbuild/lib/main.js:600:7)
      at Socket.emit (node:events:508:28)
      at addChunk (node:internal/streams/readable:559:12)
      at readableAddChunkPushByteMode (node:internal/streams/readable:510:3)
      at Readable.push (node:internal/streams/readable:390:5)
      at Pipe.onStreamRead (node:internal/stream_base_commons:189:23)
